<?xml version="1.0" encoding="UTF-8"?>
<!-- Generated by org.testng.reporters.JUnitXMLReporter -->
<testsuite hostname="DESKTOP-UQE5I4D" ignored="0" name="Default test" tests="3" failures="0" timestamp="2021-12-01T12:09:34 IST" time="5.836" errors="0">
  <testcase name="createboard" time="4.382" classname="APITesting.Demo_TestNg"/>
  <testcase name="getboard" time="0.565" classname="APITesting.Demo_TestNg"/>
  <testcase name="deleteboard" time="0.83" classname="APITesting.Demo_TestNg"/>
</testsuite> <!-- Default test -->
